0 info it worked if it ends with ok
1 verbose cli [ 'node', '/usr/local/bin/npm', 'install', 'webpage' ]
2 info using npm@1.2.18
3 info using node@v0.10.5
4 verbose read json /Users/dutton/Documents/node/phantom/package.json
5 verbose read json /Users/dutton/Documents/node/phantom/node_modules/http-agent/package.json
6 verbose read json /Users/dutton/Documents/node/phantom/node_modules/jsdom/package.json
7 verbose read json /Users/dutton/Documents/node/phantom/node_modules/node-phantom/package.json
8 verbose read json /Users/dutton/Documents/node/phantom/node_modules/phantom/package.json
9 verbose read json /Users/dutton/Documents/node/phantom/node_modules/request/package.json
10 verbose read json /Users/dutton/Documents/node/phantom/node_modules/socket.io/package.json
11 verbose read json /Users/dutton/Documents/node/phantom/node_modules/util/package.json
12 verbose read json /Users/dutton/Documents/node/phantom/package.json
13 verbose cache add [ 'webpage', null ]
14 verbose cache add name=undefined spec="webpage" args=["webpage",null]
15 verbose parsed url { protocol: null,
15 verbose parsed url   slashes: null,
15 verbose parsed url   auth: null,
15 verbose parsed url   host: null,
15 verbose parsed url   port: null,
15 verbose parsed url   hostname: null,
15 verbose parsed url   hash: null,
15 verbose parsed url   search: null,
15 verbose parsed url   query: null,
15 verbose parsed url   pathname: 'webpage',
15 verbose parsed url   path: 'webpage',
15 verbose parsed url   href: 'webpage' }
16 silly lockFile c3c0e61b-webpage webpage
17 verbose lock webpage /Users/dutton/.npm/c3c0e61b-webpage.lock
18 silly lockFile c3c0e61b-webpage webpage
19 silly lockFile c3c0e61b-webpage webpage
20 verbose addNamed [ 'webpage', '' ]
21 verbose addNamed [ null, '' ]
22 silly lockFile 92ce8f44-webpage webpage@
23 verbose lock webpage@ /Users/dutton/.npm/92ce8f44-webpage.lock
24 silly addNameRange { name: 'webpage', range: '', hasData: false }
25 verbose url raw webpage
26 verbose url resolving [ 'https://registry.npmjs.org/', './webpage' ]
27 verbose url resolved https://registry.npmjs.org/webpage
28 info trying registry request attempt 1 at 15:41:02
29 http GET https://registry.npmjs.org/webpage
30 http 404 https://registry.npmjs.org/webpage
31 silly registry.get cb [ 404,
31 silly registry.get   { server: 'CouchDB/1.3.0 (Erlang OTP/R15B03)',
31 silly registry.get     date: 'Thu, 30 May 2013 14:41:07 GMT',
31 silly registry.get     'content-type': 'application/json',
31 silly registry.get     'content-length': '52',
31 silly registry.get     'cache-control': 'must-revalidate' } ]
32 silly lockFile 92ce8f44-webpage webpage@
33 silly lockFile 92ce8f44-webpage webpage@
34 error 404 'webpage' is not in the npm registry.
34 error 404 You should bug the author to publish it
34 error 404
34 error 404 Note that you can also install from a
34 error 404 tarball, folder, or http url, or git url.
35 error System Darwin 12.3.0
36 error command "node" "/usr/local/bin/npm" "install" "webpage"
37 error cwd /Users/dutton/Documents/node/phantom
38 error node -v v0.10.5
39 error npm -v 1.2.18
40 error code E404
41 verbose exit [ 1, true ]
